<?xml version="1.0" encoding="UTF-8"?>
<!-- Generated by org.testng.reporters.JUnitReportReporter -->
<testsuite hostname="LAPTOP-7PIGR874" failures="0" tests="1" name="day4.JsonSchemaValidatorTest" time="4.799" errors="0" timestamp="2024-03-30T20:49:47 IST" skipped="0">
  <testcase classname="day4.JsonSchemaValidatorTest" name="jsonSchemaValidationMethod" time="4.799"/>
  <system-out/>
</testsuite> <!-- day4.JsonSchemaValidatorTest -->
