<?xml version="1.0" encoding="UTF-8"?>
<!-- Generated by org.testng.reporters.JUnitReportReporter -->
<testsuite hostname="LAPTOP-7PIGR874" failures="0" tests="1" name="day2.PostCallUsingORGJson" time="3.324" errors="0" timestamp="2024-03-11T18:38:46 IST" skipped="0">
  <testcase classname="day2.PostCallUsingORGJson" name="CreateUserUsingORGJson" time="3.324"/>
  <system-out/>
</testsuite> <!-- day2.PostCallUsingORGJson -->
