<?xml version="1.0" encoding="UTF-8"?>
<!-- Generated by org.testng.reporters.JUnitReportReporter -->
<testsuite hostname="LAPTOP-7PIGR874" failures="0" tests="1" name="day2.PostCallUsingPOJO" time="3.570" errors="0" timestamp="2024-03-11T18:43:27 IST" skipped="0">
  <testcase classname="day2.PostCallUsingPOJO" name="POstUsingPOJO" time="3.570"/>
  <system-out/>
</testsuite> <!-- day2.PostCallUsingPOJO -->
