<?xml version="1.0" encoding="UTF-8"?>
<!-- Generated by org.testng.reporters.JUnitReportReporter -->
<testsuite hostname="LAPTOP-7PIGR874" failures="0" tests="1" name="day2.PostCallUsingExtJsonFile" time="3.227" errors="0" timestamp="2024-03-11T19:11:38 IST" skipped="0">
  <testcase classname="day2.PostCallUsingExtJsonFile" name="postcallUsingExtJson" time="3.227"/>
  <system-out/>
</testsuite> <!-- day2.PostCallUsingExtJsonFile -->
