<?xml version="1.0" encoding="UTF-8"?>
<!-- Generated by org.testng.reporters.JUnitReportReporter -->
<testsuite hostname="LAPTOP-7PIGR874" failures="0" tests="4" name="day1.HTTPRequests" time="8.007" errors="0" timestamp="2024-03-08T20:25:38 IST" skipped="0">
  <testcase classname="day1.HTTPRequests" name="getUsersList" time="3.505"/>
  <system-out/>
  <testcase classname="day1.HTTPRequests" name="createUser" time="2.015"/>
  <system-out/>
  <testcase classname="day1.HTTPRequests" name="updateUser" time="1.633"/>
  <system-out/>
  <testcase classname="day1.HTTPRequests" name="deleteUser" time="0.854"/>
  <system-out/>
</testsuite> <!-- day1.HTTPRequests -->
