<?xml version="1.0" encoding="UTF-8"?>
<!-- Generated by org.testng.reporters.JUnitReportReporter -->
<testsuite hostname="LAPTOP-7PIGR874" failures="0" tests="2" name="day2.PostCallUsingHashMap" time="5.918" errors="0" timestamp="2024-03-11T18:28:41 IST" skipped="0">
  <testcase classname="day2.PostCallUsingHashMap" name="PostCallUsingHashMapCollection" time="5.026"/>
  <system-out/>
  <testcase classname="day2.PostCallUsingHashMap" name="deleteUser" time="0.892"/>
  <system-out/>
</testsuite> <!-- day2.PostCallUsingHashMap -->
